<?xml version="1.0" encoding="UTF-8"?>
<!DOCTYPE html PUBLIC "-//W3C//DTD XHTML 1.0 Strict//EN" "http://www.w3.org/TR/xhtml1/DTD/xhtml1-strict.dtd">
<html xmlns="http://www.w3.org/1999/xhtml">
<head>
    <title>快播私有云测试报告</title>
    <meta name="generator" content="HTMLTestRunner 0.8.2"/>
    <meta http-equiv="Content-Type" content="text/html; charset=UTF-8"/>
    
<style type="text/css" media="screen">
body        { font-family: verdana, arial, helvetica, sans-serif; font-size: 80%; }
table       { font-size: 100%; }
pre         { }

/* -- heading ---------------------------------------------------------------------- */
h1 {
	font-size: 16pt;
	color: gray;
}
.heading {
    margin-top: 0ex;
    margin-bottom: 1ex;
}

.heading .attribute {
    margin-top: 1ex;
    margin-bottom: 0;
}

.heading .description {
    margin-top: 4ex;
    margin-bottom: 6ex;
}

/* -- css div popup ------------------------------------------------------------------------ */
a.popup_link {
}

a.popup_link:hover {
    color: red;
}

.popup_window {
    display: none;
    position: relative;
    left: 0px;
    top: 0px;
    /*border: solid #627173 1px; */
    padding: 10px;
    background-color: #E6E6D6;
    font-family: "Lucida Console", "Courier New", Courier, monospace;
    text-align: left;
    font-size: 8pt;
    width: 500px;
}

}
/* -- report ------------------------------------------------------------------------ */
#show_detail_line {
    margin-top: 3ex;
    margin-bottom: 1ex;
}
#result_table {
    width: 80%;
    border-collapse: collapse;
    border: 1px solid #777;
}
#header_row {
    font-weight: bold;
    color: white;
    background-color: #777;
}
#result_table td {
    border: 1px solid #777;
    padding: 2px;
}
#total_row  { font-weight: bold; }
.passClass  { background-color: #6c6; }
.failClass  { background-color: #c60; }
.errorClass { background-color: #c00; }
.passCase   { color: #6c6; }
.failCase   { color: #c60; font-weight: bold; }
.errorCase  { color: #c00; font-weight: bold; }
.hiddenRow  { display: none; }
.testcase   { margin-left: 2em; }


/* -- ending ---------------------------------------------------------------------- */
#ending {
}

</style>

</head>
<body>
<script language="javascript" type="text/javascript"><!--
output_list = Array();

/* level - 0:Summary; 1:Failed; 2:All */
function showCase(level) {
    trs = document.getElementsByTagName("tr");
    for (var i = 0; i < trs.length; i++) {
        tr = trs[i];
        id = tr.id;
        if (id.substr(0,2) == 'ft') {
            if (level < 1) {
                tr.className = 'hiddenRow';
            }
            else {
                tr.className = '';
            }
        }
        if (id.substr(0,2) == 'pt') {
            if (level > 1) {
                tr.className = '';
            }
            else {
                tr.className = 'hiddenRow';
            }
        }
    }
}


function showClassDetail(cid, count) {
    var id_list = Array(count);
    var toHide = 1;
    for (var i = 0; i < count; i++) {
        tid0 = 't' + cid.substr(1) + '.' + (i+1);
        tid = 'f' + tid0;
        tr = document.getElementById(tid);
        if (!tr) {
            tid = 'p' + tid0;
            tr = document.getElementById(tid);
        }
        id_list[i] = tid;
        if (tr.className) {
            toHide = 0;
        }
    }
    for (var i = 0; i < count; i++) {
        tid = id_list[i];
        if (toHide) {
            document.getElementById('div_'+tid).style.display = 'none'
            document.getElementById(tid).className = 'hiddenRow';
        }
        else {
            document.getElementById(tid).className = '';
        }
    }
}


function showTestDetail(div_id){
    var details_div = document.getElementById(div_id)
    var displayState = details_div.style.display
    // alert(displayState)
    if (displayState != 'block' ) {
        displayState = 'block'
        details_div.style.display = 'block'
    }
    else {
        details_div.style.display = 'none'
    }
}


function html_escape(s) {
    s = s.replace(/&/g,'&amp;');
    s = s.replace(/</g,'&lt;');
    s = s.replace(/>/g,'&gt;');
    return s;
}

/* obsoleted by detail in <div>
function showOutput(id, name) {
    var w = window.open("", //url
                    name,
                    "resizable,scrollbars,status,width=800,height=450");
    d = w.document;
    d.write("<pre>");
    d.write(html_escape(output_list[id]));
    d.write("\n");
    d.write("<a href='javascript:window.close()'>close</a>\n");
    d.write("</pre>\n");
    d.close();
}
*/
--></script>

<div class='heading'>
<h1>快播私有云测试报告</h1>
<p class='attribute'><strong>Start Time:</strong> 2014-03-20 01:00:06</p>
<p class='attribute'><strong>Duration:</strong> 0:12:51.032000</p>
<p class='attribute'><strong>Status:</strong> Pass 29 Error 5</p>

<p class='description'>运行浏览器：chrome</p>
</div>



<p id='show_detail_line'>Show
<a href='javascript:showCase(0)'>Summary</a>
<a href='javascript:showCase(1)'>Failed</a>
<a href='javascript:showCase(2)'>All</a>
</p>
<table id='result_table'>
<colgroup>
<col align='left' />
<col align='right' />
<col align='right' />
<col align='right' />
<col align='right' />
<col align='right' />
</colgroup>
<tr id='header_row'>
    <td>Test Group/Test case</td>
    <td>Count</td>
    <td>Pass</td>
    <td>Fail</td>
    <td>Error</td>
    <td>View</td>
</tr>

<tr class='passClass'>
    <td>aalogin_sta.Collect</td>
    <td>1</td>
    <td>1</td>
    <td>0</td>
    <td>0</td>
    <td><a href="javascript:showClassDetail('c1',1)">Detail</a></td>
</tr>

<tr id='pt1.1' class='hiddenRow'>
    <td class='none'><div class='testcase'>test_collect: 用户登陆</div></td>
    <td colspan='5' align='center'>pass</td>
</tr>

<tr class='passClass'>
    <td>addseed_sta.Addsend</td>
    <td>2</td>
    <td>2</td>
    <td>0</td>
    <td>0</td>
    <td><a href="javascript:showClassDetail('c2',2)">Detail</a></td>
</tr>

<tr id='pt2.1' class='hiddenRow'>
    <td class='none'><div class='testcase'>test_qvod: 添加qvod种子文件</div></td>
    <td colspan='5' align='center'>pass</td>
</tr>

<tr id='pt2.2' class='hiddenRow'>
    <td class='none'><div class='testcase'>test_seed: 添加快播链接</div></td>
    <td colspan='5' align='center'>pass</td>
</tr>

<tr class='passClass'>
    <td>collect_sta.Collect</td>
    <td>1</td>
    <td>1</td>
    <td>0</td>
    <td>0</td>
    <td><a href="javascript:showClassDetail('c3',1)">Detail</a></td>
</tr>

<tr id='pt3.1' class='hiddenRow'>
    <td class='none'><div class='testcase'>test_collect: 收藏用户分享文件</div></td>
    <td colspan='5' align='center'>

    <!--css div popup start-->
    <a class="popup_link" onfocus='this.blur();' href="javascript:showTestDetail('div_pt3.1')" >
        pass</a>

    <div id='div_pt3.1' class="popup_window">
        <div style='text-align: right; color:red;cursor:pointer'>
        <a onfocus='this.blur();' onclick="document.getElementById('div_pt3.1').style.display = 'none' " >
           [x]</a>
        </div>
        <pre>
        
pt3.1: ok!


        </pre>
    </div>
    <!--css div popup end-->

    </td>
</tr>

<tr class='passClass'>
    <td>create_sta.Create</td>
    <td>4</td>
    <td>4</td>
    <td>0</td>
    <td>0</td>
    <td><a href="javascript:showClassDetail('c4',4)">Detail</a></td>
</tr>

<tr id='pt4.1' class='hiddenRow'>
    <td class='none'><div class='testcase'>test_create: 新建文件夹确认按钮确认</div></td>
    <td colspan='5' align='center'>pass</td>
</tr>

<tr id='pt4.2' class='hiddenRow'>
    <td class='none'><div class='testcase'>test_create2: 新建文件夹回车确认</div></td>
    <td colspan='5' align='center'>pass</td>
</tr>

<tr id='pt4.3' class='hiddenRow'>
    <td class='none'><div class='testcase'>test_create3: 新建文件夹取消按钮取消</div></td>
    <td colspan='5' align='center'>pass</td>
</tr>

<tr id='pt4.4' class='hiddenRow'>
    <td class='none'><div class='testcase'>test_create4: 新建文件夹ESC取消</div></td>
    <td colspan='5' align='center'>pass</td>
</tr>

<tr class='passClass'>
    <td>delete2_sta.Delete2</td>
    <td>2</td>
    <td>2</td>
    <td>0</td>
    <td>0</td>
    <td><a href="javascript:showClassDetail('c5',2)">Detail</a></td>
</tr>

<tr id='pt5.1' class='hiddenRow'>
    <td class='none'><div class='testcase'>test_delfile: 永久删除单个文件</div></td>
    <td colspan='5' align='center'>pass</td>
</tr>

<tr id='pt5.2' class='hiddenRow'>
    <td class='none'><div class='testcase'>test_delfiles: 永久删除单个文件夹</div></td>
    <td colspan='5' align='center'>pass</td>
</tr>

<tr class='errorClass'>
    <td>delete_sta.Delete</td>
    <td>2</td>
    <td>1</td>
    <td>0</td>
    <td>1</td>
    <td><a href="javascript:showClassDetail('c6',2)">Detail</a></td>
</tr>

<tr id='pt6.1' class='hiddenRow'>
    <td class='none'><div class='testcase'>test_delete: 删除文件，文件夹到回收站</div></td>
    <td colspan='5' align='center'>pass</td>
</tr>

<tr id='ft6.2' class='none'>
    <td class='errorCase'><div class='testcase'>test_empty: 一键清空回收站</div></td>
    <td colspan='5' align='center'>

    <!--css div popup start-->
    <a class="popup_link" onfocus='this.blur();' href="javascript:showTestDetail('div_ft6.2')" >
        error</a>

    <div id='div_ft6.2' class="popup_window">
        <div style='text-align: right; color:red;cursor:pointer'>
        <a onfocus='this.blur();' onclick="document.getElementById('div_ft6.2').style.display = 'none' " >
           [x]</a>
        </div>
        <pre>
        
ft6.2: Traceback (most recent call last):
  File "E:\selenium_test_case\webcloud\delete_sta.py", line 64, in test_empty
    we.findXpath(driver,"/html/body/div[2]/div[2]/div[2]/div").click()
  File "E:\selenium_test_case\webcloud\package\location.py", line 34, in findXpath
    f = driver.find_element_by_xpath(xpath)
  File "C:\Python27\lib\site-packages\selenium\webdriver\remote\webdriver.py", line 221, in find_element_by_xpath
    return self.find_element(by=By.XPATH, value=xpath)
  File "C:\Python27\lib\site-packages\selenium\webdriver\remote\webdriver.py", line 681, in find_element
    {'using': by, 'value': value})['value']
  File "C:\Python27\lib\site-packages\selenium\webdriver\remote\webdriver.py", line 164, in execute
    self.error_handler.check_response(response)
  File "C:\Python27\lib\site-packages\selenium\webdriver\remote\errorhandler.py", line 164, in check_response
    raise exception_class(message, screen, stacktrace)
NoSuchElementException: Message: u"no such element\n  (Session info: chrome=32.0.1700.76)\n  (Driver info: chromedriver=2.8.241075,platform=Windows NT 5.1 SP3 x86) (WARNING: The server did not provide any stacktrace information)\nCommand duration or timeout: 30.05 seconds\nFor documentation on this error, please visit: http://seleniumhq.org/exceptions/no_such_element.html\nBuild info: version: '2.39.0', revision: 'ff23eac', time: '2013-12-16 16:11:15'\nSystem info: host: 'XP-201210141900', ip: '172.16.10.66', os.name: 'Windows XP', os.arch: 'x86', os.version: '5.1', java.version: '1.7.0_21'\nSession ID: 19e756d3779764ea3cb16354dd45b83c\nDriver info: org.openqa.selenium.chrome.ChromeDriver\nCapabilities [{platform=XP, acceptSslCerts=true, javascriptEnabled=true, browserName=chrome, chrome={userDataDir=C:\\DOCUME~1\\ADMINI~1\\LOCALS~1\\Temp\\scoped_dir5092_16763}, rotatable=false, locationContextEnabled=true, version=32.0.1700.76, takesHeapSnapshot=true, cssSelectorsEnabled=true, databaseEnabled=false, handlesAlerts=true, browserConnectionEnabled=false, nativeEvents=true, webStorageEnabled=true, applicationCacheEnabled=false, takesScreenshot=true}]" ; Screenshot: available via screen ; Stacktrace: 
    at sun.reflect.NativeConstructorAccessorImpl.newInstance0 (None:-2)
    at sun.reflect.NativeConstructorAccessorImpl.newInstance (None:-1)
    at sun.reflect.DelegatingConstructorAccessorImpl.newInstance (None:-1)
    at java.lang.reflect.Constructor.newInstance (None:-1)
    at org.openqa.selenium.remote.ErrorHandler.createThrowable (ErrorHandler.java:193)
    at org.openqa.selenium.remote.ErrorHandler.throwIfResponseFailed (ErrorHandler.java:145)
    at org.openqa.selenium.remote.RemoteWebDriver.execute (RemoteWebDriver.java:554)
    at org.openqa.selenium.remote.RemoteWebDriver.findElement (RemoteWebDriver.java:307)
    at org.openqa.selenium.remote.RemoteWebDriver.findElementByXPath (RemoteWebDriver.java:404)
    at org.openqa.selenium.By$ByXPath.findElement (By.java:363)
    at org.openqa.selenium.remote.RemoteWebDriver.findElement (RemoteWebDriver.java:299)
    at sun.reflect.GeneratedMethodAccessor18.invoke (None:-1)
    at sun.reflect.DelegatingMethodAccessorImpl.invoke (None:-1)
    at java.lang.reflect.Method.invoke (None:-1)
    at org.openqa.selenium.support.events.EventFiringWebDriver$2.invoke (EventFiringWebDriver.java:101)
    at com.sun.proxy.$Proxy2.findElement (None:-1)
    at org.openqa.selenium.support.events.EventFiringWebDriver.findElement (EventFiringWebDriver.java:184)
    at org.openqa.selenium.remote.server.handler.FindElement.call (FindElement.java:47)
    at org.openqa.selenium.remote.server.handler.FindElement.call (FindElement.java:1)
    at java.util.concurrent.FutureTask$Sync.innerRun (None:-1)
    at java.util.concurrent.FutureTask.run (None:-1)
    at org.openqa.selenium.remote.server.DefaultSession$1.run (DefaultSession.java:170)
    at java.util.concurrent.ThreadPoolExecutor.runWorker (None:-1)
    at java.util.concurrent.ThreadPoolExecutor$Worker.run (None:-1)
    at java.lang.Thread.run (None:-1) 


        </pre>
    </div>
    <!--css div popup end-->

    </td>
</tr>

<tr class='passClass'>
    <td>hotcollection_sta.Collection</td>
    <td>1</td>
    <td>1</td>
    <td>0</td>
    <td>0</td>
    <td><a href="javascript:showClassDetail('c7',1)">Detail</a></td>
</tr>

<tr id='pt7.1' class='hiddenRow'>
    <td class='none'><div class='testcase'>test_heji: 收藏热门合集</div></td>
    <td colspan='5' align='center'>pass</td>
</tr>

<tr class='passClass'>
    <td>hotmovie_sta.Movie</td>
    <td>1</td>
    <td>1</td>
    <td>0</td>
    <td>0</td>
    <td><a href="javascript:showClassDetail('c8',1)">Detail</a></td>
</tr>

<tr id='pt8.1' class='hiddenRow'>
    <td class='none'><div class='testcase'>test_dianying: 收藏热门电影</div></td>
    <td colspan='5' align='center'>pass</td>
</tr>

<tr class='passClass'>
    <td>move_sta.Move</td>
    <td>1</td>
    <td>1</td>
    <td>0</td>
    <td>0</td>
    <td><a href="javascript:showClassDetail('c9',1)">Detail</a></td>
</tr>

<tr id='pt9.1' class='hiddenRow'>
    <td class='none'><div class='testcase'>test_file: 移动文件到文件夹</div></td>
    <td colspan='5' align='center'>pass</td>
</tr>

<tr class='errorClass'>
    <td>onesetp_sta.OneSetp</td>
    <td>2</td>
    <td>0</td>
    <td>0</td>
    <td>2</td>
    <td><a href="javascript:showClassDetail('c10',2)">Detail</a></td>
</tr>

<tr id='ft10.1' class='none'>
    <td class='errorCase'><div class='testcase'>test_intellect_rename: 智能重命名</div></td>
    <td colspan='5' align='center'>

    <!--css div popup start-->
    <a class="popup_link" onfocus='this.blur();' href="javascript:showTestDetail('div_ft10.1')" >
        error</a>

    <div id='div_ft10.1' class="popup_window">
        <div style='text-align: right; color:red;cursor:pointer'>
        <a onfocus='this.blur();' onclick="document.getElementById('div_ft10.1').style.display = 'none' " >
           [x]</a>
        </div>
        <pre>
        
ft10.1: Traceback (most recent call last):
  File "E:\selenium_test_case\webcloud\onesetp_sta.py", line 68, in test_intellect_rename
    we.findXpath(driver,"/html/body/div[2]/div[2]/div[2]/div").click()
  File "E:\selenium_test_case\webcloud\package\location.py", line 34, in findXpath
    f = driver.find_element_by_xpath(xpath)
  File "C:\Python27\lib\site-packages\selenium\webdriver\remote\webdriver.py", line 221, in find_element_by_xpath
    return self.find_element(by=By.XPATH, value=xpath)
  File "C:\Python27\lib\site-packages\selenium\webdriver\remote\webdriver.py", line 681, in find_element
    {'using': by, 'value': value})['value']
  File "C:\Python27\lib\site-packages\selenium\webdriver\remote\webdriver.py", line 164, in execute
    self.error_handler.check_response(response)
  File "C:\Python27\lib\site-packages\selenium\webdriver\remote\errorhandler.py", line 164, in check_response
    raise exception_class(message, screen, stacktrace)
NoSuchElementException: Message: u"no such element\n  (Session info: chrome=32.0.1700.76)\n  (Driver info: chromedriver=2.8.241075,platform=Windows NT 5.1 SP3 x86) (WARNING: The server did not provide any stacktrace information)\nCommand duration or timeout: 30.02 seconds\nFor documentation on this error, please visit: http://seleniumhq.org/exceptions/no_such_element.html\nBuild info: version: '2.39.0', revision: 'ff23eac', time: '2013-12-16 16:11:15'\nSystem info: host: 'XP-201210141900', ip: '172.16.10.66', os.name: 'Windows XP', os.arch: 'x86', os.version: '5.1', java.version: '1.7.0_21'\nSession ID: ba00c3e29c70d217bcb9e7637226a5ea\nDriver info: org.openqa.selenium.chrome.ChromeDriver\nCapabilities [{platform=XP, acceptSslCerts=true, javascriptEnabled=true, browserName=chrome, chrome={userDataDir=C:\\DOCUME~1\\ADMINI~1\\LOCALS~1\\Temp\\scoped_dir8992_14562}, rotatable=false, locationContextEnabled=true, version=32.0.1700.76, takesHeapSnapshot=true, cssSelectorsEnabled=true, databaseEnabled=false, handlesAlerts=true, browserConnectionEnabled=false, nativeEvents=true, webStorageEnabled=true, applicationCacheEnabled=false, takesScreenshot=true}]" ; Screenshot: available via screen ; Stacktrace: 
    at sun.reflect.NativeConstructorAccessorImpl.newInstance0 (None:-2)
    at sun.reflect.NativeConstructorAccessorImpl.newInstance (None:-1)
    at sun.reflect.DelegatingConstructorAccessorImpl.newInstance (None:-1)
    at java.lang.reflect.Constructor.newInstance (None:-1)
    at org.openqa.selenium.remote.ErrorHandler.createThrowable (ErrorHandler.java:193)
    at org.openqa.selenium.remote.ErrorHandler.throwIfResponseFailed (ErrorHandler.java:145)
    at org.openqa.selenium.remote.RemoteWebDriver.execute (RemoteWebDriver.java:554)
    at org.openqa.selenium.remote.RemoteWebDriver.findElement (RemoteWebDriver.java:307)
    at org.openqa.selenium.remote.RemoteWebDriver.findElementByXPath (RemoteWebDriver.java:404)
    at org.openqa.selenium.By$ByXPath.findElement (By.java:363)
    at org.openqa.selenium.remote.RemoteWebDriver.findElement (RemoteWebDriver.java:299)
    at sun.reflect.GeneratedMethodAccessor18.invoke (None:-1)
    at sun.reflect.DelegatingMethodAccessorImpl.invoke (None:-1)
    at java.lang.reflect.Method.invoke (None:-1)
    at org.openqa.selenium.support.events.EventFiringWebDriver$2.invoke (EventFiringWebDriver.java:101)
    at com.sun.proxy.$Proxy2.findElement (None:-1)
    at org.openqa.selenium.support.events.EventFiringWebDriver.findElement (EventFiringWebDriver.java:184)
    at org.openqa.selenium.remote.server.handler.FindElement.call (FindElement.java:47)
    at org.openqa.selenium.remote.server.handler.FindElement.call (FindElement.java:1)
    at java.util.concurrent.FutureTask$Sync.innerRun (None:-1)
    at java.util.concurrent.FutureTask.run (None:-1)
    at org.openqa.selenium.remote.server.DefaultSession$1.run (DefaultSession.java:170)
    at java.util.concurrent.ThreadPoolExecutor.runWorker (None:-1)
    at java.util.concurrent.ThreadPoolExecutor$Worker.run (None:-1)
    at java.lang.Thread.run (None:-1) 


        </pre>
    </div>
    <!--css div popup end-->

    </td>
</tr>

<tr id='ft10.2' class='none'>
    <td class='errorCase'><div class='testcase'>test_repeat: 删除重复影片</div></td>
    <td colspan='5' align='center'>

    <!--css div popup start-->
    <a class="popup_link" onfocus='this.blur();' href="javascript:showTestDetail('div_ft10.2')" >
        error</a>

    <div id='div_ft10.2' class="popup_window">
        <div style='text-align: right; color:red;cursor:pointer'>
        <a onfocus='this.blur();' onclick="document.getElementById('div_ft10.2').style.display = 'none' " >
           [x]</a>
        </div>
        <pre>
        
ft10.2: Traceback (most recent call last):
  File "E:\selenium_test_case\webcloud\onesetp_sta.py", line 42, in test_repeat
    we.findXpath(driver,"/html/body/div[2]/div[2]/div[2]/div").click()
  File "E:\selenium_test_case\webcloud\package\location.py", line 34, in findXpath
    f = driver.find_element_by_xpath(xpath)
  File "C:\Python27\lib\site-packages\selenium\webdriver\remote\webdriver.py", line 221, in find_element_by_xpath
    return self.find_element(by=By.XPATH, value=xpath)
  File "C:\Python27\lib\site-packages\selenium\webdriver\remote\webdriver.py", line 681, in find_element
    {'using': by, 'value': value})['value']
  File "C:\Python27\lib\site-packages\selenium\webdriver\remote\webdriver.py", line 164, in execute
    self.error_handler.check_response(response)
  File "C:\Python27\lib\site-packages\selenium\webdriver\remote\errorhandler.py", line 164, in check_response
    raise exception_class(message, screen, stacktrace)
NoSuchElementException: Message: u"no such element\n  (Session info: chrome=32.0.1700.76)\n  (Driver info: chromedriver=2.8.241075,platform=Windows NT 5.1 SP3 x86) (WARNING: The server did not provide any stacktrace information)\nCommand duration or timeout: 30.03 seconds\nFor documentation on this error, please visit: http://seleniumhq.org/exceptions/no_such_element.html\nBuild info: version: '2.39.0', revision: 'ff23eac', time: '2013-12-16 16:11:15'\nSystem info: host: 'XP-201210141900', ip: '172.16.10.66', os.name: 'Windows XP', os.arch: 'x86', os.version: '5.1', java.version: '1.7.0_21'\nSession ID: 173d42cd5b2262b0bfc5fe3be76280e4\nDriver info: org.openqa.selenium.chrome.ChromeDriver\nCapabilities [{platform=XP, acceptSslCerts=true, javascriptEnabled=true, browserName=chrome, chrome={userDataDir=C:\\DOCUME~1\\ADMINI~1\\LOCALS~1\\Temp\\scoped_dir3120_22803}, rotatable=false, locationContextEnabled=true, version=32.0.1700.76, takesHeapSnapshot=true, cssSelectorsEnabled=true, databaseEnabled=false, handlesAlerts=true, browserConnectionEnabled=false, nativeEvents=true, webStorageEnabled=true, applicationCacheEnabled=false, takesScreenshot=true}]" ; Screenshot: available via screen ; Stacktrace: 
    at sun.reflect.NativeConstructorAccessorImpl.newInstance0 (None:-2)
    at sun.reflect.NativeConstructorAccessorImpl.newInstance (None:-1)
    at sun.reflect.DelegatingConstructorAccessorImpl.newInstance (None:-1)
    at java.lang.reflect.Constructor.newInstance (None:-1)
    at org.openqa.selenium.remote.ErrorHandler.createThrowable (ErrorHandler.java:193)
    at org.openqa.selenium.remote.ErrorHandler.throwIfResponseFailed (ErrorHandler.java:145)
    at org.openqa.selenium.remote.RemoteWebDriver.execute (RemoteWebDriver.java:554)
    at org.openqa.selenium.remote.RemoteWebDriver.findElement (RemoteWebDriver.java:307)
    at org.openqa.selenium.remote.RemoteWebDriver.findElementByXPath (RemoteWebDriver.java:404)
    at org.openqa.selenium.By$ByXPath.findElement (By.java:363)
    at org.openqa.selenium.remote.RemoteWebDriver.findElement (RemoteWebDriver.java:299)
    at sun.reflect.GeneratedMethodAccessor18.invoke (None:-1)
    at sun.reflect.DelegatingMethodAccessorImpl.invoke (None:-1)
    at java.lang.reflect.Method.invoke (None:-1)
    at org.openqa.selenium.support.events.EventFiringWebDriver$2.invoke (EventFiringWebDriver.java:101)
    at com.sun.proxy.$Proxy2.findElement (None:-1)
    at org.openqa.selenium.support.events.EventFiringWebDriver.findElement (EventFiringWebDriver.java:184)
    at org.openqa.selenium.remote.server.handler.FindElement.call (FindElement.java:47)
    at org.openqa.selenium.remote.server.handler.FindElement.call (FindElement.java:1)
    at java.util.concurrent.FutureTask$Sync.innerRun (None:-1)
    at java.util.concurrent.FutureTask.run (None:-1)
    at org.openqa.selenium.remote.server.DefaultSession$1.run (DefaultSession.java:170)
    at java.util.concurrent.ThreadPoolExecutor.runWorker (None:-1)
    at java.util.concurrent.ThreadPoolExecutor$Worker.run (None:-1)
    at java.lang.Thread.run (None:-1) 


        </pre>
    </div>
    <!--css div popup end-->

    </td>
</tr>

<tr class='errorClass'>
    <td>openurl_sta.Openurl</td>
    <td>1</td>
    <td>0</td>
    <td>0</td>
    <td>1</td>
    <td><a href="javascript:showClassDetail('c11',1)">Detail</a></td>
</tr>

<tr id='ft11.1' class='none'>
    <td class='errorCase'><div class='testcase'>test_add: 打开文件公开链接，收藏文件到私有云</div></td>
    <td colspan='5' align='center'>

    <!--css div popup start-->
    <a class="popup_link" onfocus='this.blur();' href="javascript:showTestDetail('div_ft11.1')" >
        error</a>

    <div id='div_ft11.1' class="popup_window">
        <div style='text-align: right; color:red;cursor:pointer'>
        <a onfocus='this.blur();' onclick="document.getElementById('div_ft11.1').style.display = 'none' " >
           [x]</a>
        </div>
        <pre>
        
ft11.1: Traceback (most recent call last):
  File "E:\selenium_test_case\webcloud\openurl_sta.py", line 52, in test_add
    we.findClassName(driver,"link-input").click()
  File "C:\Python27\lib\site-packages\selenium\webdriver\remote\webelement.py", line 59, in click
    self._execute(Command.CLICK_ELEMENT)
  File "C:\Python27\lib\site-packages\selenium\webdriver\remote\webelement.py", line 369, in _execute
    return self._parent.execute(command, params)
  File "C:\Python27\lib\site-packages\selenium\webdriver\remote\webdriver.py", line 164, in execute
    self.error_handler.check_response(response)
  File "C:\Python27\lib\site-packages\selenium\webdriver\remote\errorhandler.py", line 164, in check_response
    raise exception_class(message, screen, stacktrace)
ElementNotVisibleException: Message: u"element not visible\n  (Session info: chrome=32.0.1700.76)\n  (Driver info: chromedriver=2.8.241075,platform=Windows NT 5.1 SP3 x86) (WARNING: The server did not provide any stacktrace information)\nCommand duration or timeout: 0 milliseconds\nBuild info: version: '2.39.0', revision: 'ff23eac', time: '2013-12-16 16:11:15'\nSystem info: host: 'XP-201210141900', ip: '172.16.10.66', os.name: 'Windows XP', os.arch: 'x86', os.version: '5.1', java.version: '1.7.0_21'\nSession ID: f8381b7de2b68c15dc52e18c003758d8\nDriver info: org.openqa.selenium.chrome.ChromeDriver\nCapabilities [{platform=XP, acceptSslCerts=true, javascriptEnabled=true, browserName=chrome, chrome={userDataDir=C:\\DOCUME~1\\ADMINI~1\\LOCALS~1\\Temp\\scoped_dir10004_1555}, rotatable=false, locationContextEnabled=true, version=32.0.1700.76, takesHeapSnapshot=true, cssSelectorsEnabled=true, databaseEnabled=false, handlesAlerts=true, browserConnectionEnabled=false, nativeEvents=true, webStorageEnabled=true, applicationCacheEnabled=false, takesScreenshot=true}]" ; Screenshot: available via screen ; Stacktrace: 
    at sun.reflect.NativeConstructorAccessorImpl.newInstance0 (None:-2)
    at sun.reflect.NativeConstructorAccessorImpl.newInstance (None:-1)
    at sun.reflect.DelegatingConstructorAccessorImpl.newInstance (None:-1)
    at java.lang.reflect.Constructor.newInstance (None:-1)
    at org.openqa.selenium.remote.ErrorHandler.createThrowable (ErrorHandler.java:193)
    at org.openqa.selenium.remote.ErrorHandler.throwIfResponseFailed (ErrorHandler.java:145)
    at org.openqa.selenium.remote.RemoteWebDriver.execute (RemoteWebDriver.java:554)
    at org.openqa.selenium.remote.RemoteWebElement.execute (RemoteWebElement.java:268)
    at org.openqa.selenium.remote.RemoteWebElement.click (RemoteWebElement.java:79)
    at sun.reflect.GeneratedMethodAccessor21.invoke (None:-1)
    at sun.reflect.DelegatingMethodAccessorImpl.invoke (None:-1)
    at java.lang.reflect.Method.invoke (None:-1)
    at org.openqa.selenium.support.events.EventFiringWebDriver$EventFiringWebElement$1.invoke (EventFiringWebDriver.java:331)
    at com.sun.proxy.$Proxy3.click (None:-1)
    at org.openqa.selenium.support.events.EventFiringWebDriver$EventFiringWebElement.click (EventFiringWebDriver.java:344)
    at sun.reflect.GeneratedMethodAccessor21.invoke (None:-1)
    at sun.reflect.DelegatingMethodAccessorImpl.invoke (None:-1)
    at java.lang.reflect.Method.invoke (None:-1)
    at org.openqa.selenium.remote.server.KnownElements$1.invoke (KnownElements.java:63)
    at com.sun.proxy.$Proxy4.click (None:-1)
    at org.openqa.selenium.remote.server.handler.ClickElement.call (ClickElement.java:29)
    at org.openqa.selenium.remote.server.handler.ClickElement.call (ClickElement.java:1)
    at java.util.concurrent.FutureTask$Sync.innerRun (None:-1)
    at java.util.concurrent.FutureTask.run (None:-1)
    at org.openqa.selenium.remote.server.DefaultSession$1.run (DefaultSession.java:170)
    at java.util.concurrent.ThreadPoolExecutor.runWorker (None:-1)
    at java.util.concurrent.ThreadPoolExecutor$Worker.run (None:-1)
    at java.lang.Thread.run (None:-1) 


        </pre>
    </div>
    <!--css div popup end-->

    </td>
</tr>

<tr class='passClass'>
    <td>op_aalogin_sta.OPlogin</td>
    <td>1</td>
    <td>1</td>
    <td>0</td>
    <td>0</td>
    <td><a href="javascript:showClassDetail('c12',1)">Detail</a></td>
</tr>

<tr id='pt12.1' class='hiddenRow'>
    <td class='none'><div class='testcase'>test_oplogin: 用户登陆私有去公开页</div></td>
    <td colspan='5' align='center'>pass</td>
</tr>

<tr class='passClass'>
    <td>op_add_sta.OPadd</td>
    <td>1</td>
    <td>1</td>
    <td>0</td>
    <td>0</td>
    <td><a href="javascript:showClassDetail('c13',1)">Detail</a></td>
</tr>

<tr id='pt13.1' class='hiddenRow'>
    <td class='none'><div class='testcase'>test_opadd: 添加链接文件到我的私有云</div></td>
    <td colspan='5' align='center'>pass</td>
</tr>

<tr class='passClass'>
    <td>op_collect_sta.OPgather</td>
    <td>1</td>
    <td>1</td>
    <td>0</td>
    <td>0</td>
    <td><a href="javascript:showClassDetail('c14',1)">Detail</a></td>
</tr>

<tr id='pt14.1' class='hiddenRow'>
    <td class='none'><div class='testcase'>test_gather: 收藏用户分享到我的私有云</div></td>
    <td colspan='5' align='center'>pass</td>
</tr>

<tr class='passClass'>
    <td>op_gather_sta.OPgather</td>
    <td>1</td>
    <td>1</td>
    <td>0</td>
    <td>0</td>
    <td><a href="javascript:showClassDetail('c15',1)">Detail</a></td>
</tr>

<tr id='pt15.1' class='hiddenRow'>
    <td class='none'><div class='testcase'>test_gather: 收藏热门合集到我的私有云</div></td>
    <td colspan='5' align='center'>pass</td>
</tr>

<tr class='passClass'>
    <td>op_move_sta.OPmove</td>
    <td>1</td>
    <td>1</td>
    <td>0</td>
    <td>0</td>
    <td><a href="javascript:showClassDetail('c16',1)">Detail</a></td>
</tr>

<tr id='pt16.1' class='hiddenRow'>
    <td class='none'><div class='testcase'>test_move: 收藏热门电影到我的私有云</div></td>
    <td colspan='5' align='center'>pass</td>
</tr>

<tr class='passClass'>
    <td>op_usershare_sta.OPlogin</td>
    <td>1</td>
    <td>1</td>
    <td>0</td>
    <td>0</td>
    <td><a href="javascript:showClassDetail('c17',1)">Detail</a></td>
</tr>

<tr id='pt17.1' class='hiddenRow'>
    <td class='none'><div class='testcase'>test_oplogin: 用户登陆私有去公开页</div></td>
    <td colspan='5' align='center'>pass</td>
</tr>

<tr class='passClass'>
    <td>rename_sta.Rename</td>
    <td>4</td>
    <td>4</td>
    <td>0</td>
    <td>0</td>
    <td><a href="javascript:showClassDetail('c18',4)">Detail</a></td>
</tr>

<tr id='pt18.1' class='hiddenRow'>
    <td class='none'><div class='testcase'>test_rename: 文件/文件重命名回车确认</div></td>
    <td colspan='5' align='center'>pass</td>
</tr>

<tr id='pt18.2' class='hiddenRow'>
    <td class='none'><div class='testcase'>test_rename2: 文件/文件重命名确认按钮确认</div></td>
    <td colspan='5' align='center'>pass</td>
</tr>

<tr id='pt18.3' class='hiddenRow'>
    <td class='none'><div class='testcase'>test_rename3: Esc取消文件/文件重命名</div></td>
    <td colspan='5' align='center'>pass</td>
</tr>

<tr id='pt18.4' class='hiddenRow'>
    <td class='none'><div class='testcase'>test_rename4: 取消按钮文件/文件重命名</div></td>
    <td colspan='5' align='center'>pass</td>
</tr>

<tr class='passClass'>
    <td>restore_sta.Restore</td>
    <td>2</td>
    <td>2</td>
    <td>0</td>
    <td>0</td>
    <td><a href="javascript:showClassDetail('c19',2)">Detail</a></td>
</tr>

<tr id='pt19.1' class='hiddenRow'>
    <td class='none'><div class='testcase'>test_del: 全选文件/文件夹删除到回收站</div></td>
    <td colspan='5' align='center'>pass</td>
</tr>

<tr id='pt19.2' class='hiddenRow'>
    <td class='none'><div class='testcase'>test_restore: 回收站文件还原</div></td>
    <td colspan='5' align='center'>pass</td>
</tr>

<tr class='passClass'>
    <td>share_sta.Share</td>
    <td>2</td>
    <td>2</td>
    <td>0</td>
    <td>0</td>
    <td><a href="javascript:showClassDetail('c20',2)">Detail</a></td>
</tr>

<tr id='pt20.1' class='hiddenRow'>
    <td class='none'><div class='testcase'>test_gather: 分享合集到用户分享</div></td>
    <td colspan='5' align='center'>pass</td>
</tr>

<tr id='pt20.2' class='hiddenRow'>
    <td class='none'><div class='testcase'>test_share: 文件分享用户分享</div></td>
    <td colspan='5' align='center'>pass</td>
</tr>

<tr class='passClass'>
    <td>usershare_sta.Login</td>
    <td>1</td>
    <td>1</td>
    <td>0</td>
    <td>0</td>
    <td><a href="javascript:showClassDetail('c21',1)">Detail</a></td>
</tr>

<tr id='pt21.1' class='hiddenRow'>
    <td class='none'><div class='testcase'>test_login: 用户分享列表操作（收起，展开，换一组）</div></td>
    <td colspan='5' align='center'>pass</td>
</tr>

<tr class='errorClass'>
    <td>xplain_sta.Xplain</td>
    <td>1</td>
    <td>0</td>
    <td>0</td>
    <td>1</td>
    <td><a href="javascript:showClassDetail('c22',1)">Detail</a></td>
</tr>

<tr id='ft22.1' class='none'>
    <td class='errorCase'><div class='testcase'>test_xplain: 使用私有云引导说明</div></td>
    <td colspan='5' align='center'>

    <!--css div popup start-->
    <a class="popup_link" onfocus='this.blur();' href="javascript:showTestDetail('div_ft22.1')" >
        error</a>

    <div id='div_ft22.1' class="popup_window">
        <div style='text-align: right; color:red;cursor:pointer'>
        <a onfocus='this.blur();' onclick="document.getElementById('div_ft22.1').style.display = 'none' " >
           [x]</a>
        </div>
        <pre>
        
ft22.1: Traceback (most recent call last):
  File "E:\selenium_test_case\webcloud\xplain_sta.py", line 38, in test_xplain
    we.findXpath(driver,"/html/body/div[2]/div[3]/a[3]").click()
  File "E:\selenium_test_case\webcloud\package\location.py", line 34, in findXpath
    f = driver.find_element_by_xpath(xpath)
  File "C:\Python27\lib\site-packages\selenium\webdriver\remote\webdriver.py", line 221, in find_element_by_xpath
    return self.find_element(by=By.XPATH, value=xpath)
  File "C:\Python27\lib\site-packages\selenium\webdriver\remote\webdriver.py", line 681, in find_element
    {'using': by, 'value': value})['value']
  File "C:\Python27\lib\site-packages\selenium\webdriver\remote\webdriver.py", line 164, in execute
    self.error_handler.check_response(response)
  File "C:\Python27\lib\site-packages\selenium\webdriver\remote\errorhandler.py", line 164, in check_response
    raise exception_class(message, screen, stacktrace)
NoSuchElementException: Message: u"no such element\n  (Session info: chrome=32.0.1700.76)\n  (Driver info: chromedriver=2.8.241075,platform=Windows NT 5.1 SP3 x86) (WARNING: The server did not provide any stacktrace information)\nCommand duration or timeout: 30.05 seconds\nFor documentation on this error, please visit: http://seleniumhq.org/exceptions/no_such_element.html\nBuild info: version: '2.39.0', revision: 'ff23eac', time: '2013-12-16 16:11:15'\nSystem info: host: 'XP-201210141900', ip: '172.16.10.66', os.name: 'Windows XP', os.arch: 'x86', os.version: '5.1', java.version: '1.7.0_21'\nSession ID: 9c63ce80080607debd8775bd906b4059\nDriver info: org.openqa.selenium.chrome.ChromeDriver\nCapabilities [{platform=XP, acceptSslCerts=true, javascriptEnabled=true, browserName=chrome, chrome={userDataDir=C:\\DOCUME~1\\ADMINI~1\\LOCALS~1\\Temp\\scoped_dir7556_31145}, rotatable=false, locationContextEnabled=true, version=32.0.1700.76, takesHeapSnapshot=true, cssSelectorsEnabled=true, databaseEnabled=false, handlesAlerts=true, browserConnectionEnabled=false, nativeEvents=true, webStorageEnabled=true, applicationCacheEnabled=false, takesScreenshot=true}]" ; Screenshot: available via screen ; Stacktrace: 
    at sun.reflect.NativeConstructorAccessorImpl.newInstance0 (None:-2)
    at sun.reflect.NativeConstructorAccessorImpl.newInstance (None:-1)
    at sun.reflect.DelegatingConstructorAccessorImpl.newInstance (None:-1)
    at java.lang.reflect.Constructor.newInstance (None:-1)
    at org.openqa.selenium.remote.ErrorHandler.createThrowable (ErrorHandler.java:193)
    at org.openqa.selenium.remote.ErrorHandler.throwIfResponseFailed (ErrorHandler.java:145)
    at org.openqa.selenium.remote.RemoteWebDriver.execute (RemoteWebDriver.java:554)
    at org.openqa.selenium.remote.RemoteWebDriver.findElement (RemoteWebDriver.java:307)
    at org.openqa.selenium.remote.RemoteWebDriver.findElementByXPath (RemoteWebDriver.java:404)
    at org.openqa.selenium.By$ByXPath.findElement (By.java:363)
    at org.openqa.selenium.remote.RemoteWebDriver.findElement (RemoteWebDriver.java:299)
    at sun.reflect.GeneratedMethodAccessor18.invoke (None:-1)
    at sun.reflect.DelegatingMethodAccessorImpl.invoke (None:-1)
    at java.lang.reflect.Method.invoke (None:-1)
    at org.openqa.selenium.support.events.EventFiringWebDriver$2.invoke (EventFiringWebDriver.java:101)
    at com.sun.proxy.$Proxy2.findElement (None:-1)
    at org.openqa.selenium.support.events.EventFiringWebDriver.findElement (EventFiringWebDriver.java:184)
    at org.openqa.selenium.remote.server.handler.FindElement.call (FindElement.java:47)
    at org.openqa.selenium.remote.server.handler.FindElement.call (FindElement.java:1)
    at java.util.concurrent.FutureTask$Sync.innerRun (None:-1)
    at java.util.concurrent.FutureTask.run (None:-1)
    at org.openqa.selenium.remote.server.DefaultSession$1.run (DefaultSession.java:170)
    at java.util.concurrent.ThreadPoolExecutor.runWorker (None:-1)
    at java.util.concurrent.ThreadPoolExecutor$Worker.run (None:-1)
    at java.lang.Thread.run (None:-1) 


        </pre>
    </div>
    <!--css div popup end-->

    </td>
</tr>

<tr id='total_row'>
    <td>Total</td>
    <td>34</td>
    <td>29</td>
    <td>0</td>
    <td>5</td>
    <td>&nbsp;</td>
</tr>
</table>

<div id='ending'>&nbsp;</div>

</body>
</html>
